# logs/trading_bot.log
# Sample log file demonstrating one MARKET order and one LIMIT order.
# Timestamps, order IDs, and signatures are representative of real output.

2025-07-14 10:22:05 | INFO     | trading_bot | CLI INPUT | symbol=BTCUSDT side=BUY type=MARKET quantity=0.001 price=None
2025-07-14 10:22:05 | DEBUG    | trading_bot | ORDER PARAMS | {'symbol': 'BTCUSDT', 'side': 'BUY', 'type': 'MARKET', 'quantity': 0.001}
2025-07-14 10:22:05 | INFO     | trading_bot | REQUEST  | POST https://testnet.binancefuture.com/fapi/v1/order | params={'symbol': 'BTCUSDT', 'side': 'BUY', 'type': 'MARKET', 'quantity': 0.001, 'timestamp': 1752486125413, 'signature': 'a3f9d12b…'}
2025-07-14 10:22:06 | INFO     | trading_bot | RESPONSE | status=200 | body={'orderId': 3851920471, 'symbol': 'BTCUSDT', 'status': 'FILLED', 'clientOrderId': 'x-xcKtGiEW1752486125', 'price': '0', 'avgPrice': '57823.40', 'origQty': '0.001', 'executedQty': '0.001', 'cumQty': '0.001', 'cumQuote': '57.82340', 'timeInForce': 'GTC', 'type': 'MARKET', 'reduceOnly': False, 'closePosition': False, 'side': 'BUY', 'positionSide': 'BOTH', 'stopPrice': '0', 'workingType': 'CONTRACT_PRICE', 'priceProtect': False, 'origType': 'MARKET', 'updateTime': 1752486125887}
2025-07-14 10:22:06 | INFO     | trading_bot | ORDER SUCCESS | orderId=3851920471 status=FILLED

2025-07-14 10:24:33 | INFO     | trading_bot | CLI INPUT | symbol=BTCUSDT side=SELL type=LIMIT quantity=0.001 price=95000.0
2025-07-14 10:24:33 | DEBUG    | trading_bot | ORDER PARAMS | {'symbol': 'BTCUSDT', 'side': 'SELL', 'type': 'LIMIT', 'quantity': 0.001, 'price': 95000.0, 'timeInForce': 'GTC'}
2025-07-14 10:24:33 | INFO     | trading_bot | REQUEST  | POST https://testnet.binancefuture.com/fapi/v1/order | params={'symbol': 'BTCUSDT', 'side': 'SELL', 'type': 'LIMIT', 'quantity': 0.001, 'price': 95000.0, 'timeInForce': 'GTC', 'timestamp': 1752486273041, 'signature': 'c7b2e84f…'}
2025-07-14 10:24:34 | INFO     | trading_bot | RESPONSE | status=200 | body={'orderId': 3851924882, 'symbol': 'BTCUSDT', 'status': 'NEW', 'clientOrderId': 'x-xcKtGiEW1752486273', 'price': '95000.00', 'avgPrice': '0.00', 'origQty': '0.001', 'executedQty': '0.000', 'cumQty': '0.000', 'cumQuote': '0', 'timeInForce': 'GTC', 'type': 'LIMIT', 'reduceOnly': False, 'closePosition': False, 'side': 'SELL', 'positionSide': 'BOTH', 'stopPrice': '0', 'workingType': 'CONTRACT_PRICE', 'priceProtect': False, 'origType': 'LIMIT', 'updateTime': 1752486273891}
2025-07-14 10:24:34 | INFO     | trading_bot | ORDER SUCCESS | orderId=3851924882 status=NEW

2025-07-14 10:26:11 | INFO     | trading_bot | CLI INPUT | symbol=BTCUSDT side=BUY type=LIMIT quantity=0.001 price=None
2025-07-14 10:26:11 | ERROR    | trading_bot | VALIDATION ERROR | Price is required for LIMIT orders.

2025-07-14 10:27:05 | INFO     | trading_bot | CLI INPUT | symbol=XYZUSDT side=BUY type=MARKET quantity=0.001 price=None
2025-07-14 10:27:05 | DEBUG    | trading_bot | ORDER PARAMS | {'symbol': 'XYZUSDT', 'side': 'BUY', 'type': 'MARKET', 'quantity': 0.001}
2025-07-14 10:27:05 | INFO     | trading_bot | REQUEST  | POST https://testnet.binancefuture.com/fapi/v1/order | params={'symbol': 'XYZUSDT', 'side': 'BUY', 'type': 'MARKET', 'quantity': 0.001, 'timestamp': 1752486425019, 'signature': '91d0fe3a…'}
2025-07-14 10:27:06 | ERROR    | trading_bot | HTTP ERROR | status=400 | body={'code': -1121, 'msg': 'Invalid symbol.'}
2025-07-14 10:27:06 | ERROR    | trading_bot | API ERROR | Binance API Error (code=-1121): Invalid symbol.
